<?xml version="1.0" encoding="UTF-8"?>
<testng-results ignored="0" total="1" passed="1" failed="0" skipped="0">
  <reporter-output>
  </reporter-output>
  <suite started-at="2022-04-17T17:53:58 IST" name="Surefire suite" finished-at="2022-04-17T17:54:11 IST" duration-ms="12338">
    <groups>
      <group name="cucumber">
        <method signature="AbstractTestNGCucumberTests.runScenario(io.cucumber.testng.PickleWrapper,io.cucumber.testng.FeatureWrapper)[pri:0, instance:Run.Runner@50b5ac82]" name="runScenario" class="io.cucumber.testng.AbstractTestNGCucumberTests"/>
      </group> <!-- cucumber -->
    </groups>
    <test started-at="2022-04-17T17:53:58 IST" name="Surefire test" finished-at="2022-04-17T17:54:11 IST" duration-ms="12338">
      <class name="Run.Runner">
        <test-method is-config="true" signature="setUpClass(org.testng.ITestContext)[pri:0, instance:Run.Runner@50b5ac82]" started-at="2022-04-17T17:53:58 IST" name="setUpClass" finished-at="2022-04-17T17:53:59 IST" duration-ms="1106" status="PASS">
          <params>
            <param index="0">
              <value>
                <![CDATA[org.testng.TestRunner@57ddd45b]]>
              </value>
            </param>
          </params>
          <reporter-output>
          </reporter-output>
        </test-method> <!-- setUpClass -->
        <test-method signature="runScenario(io.cucumber.testng.PickleWrapper,io.cucumber.testng.FeatureWrapper)[pri:0, instance:Run.Runner@50b5ac82]" started-at="2022-04-17T17:54:00 IST" name="runScenario" description="Runs Cucumber Scenarios" data-provider="scenarios" finished-at="2022-04-17T17:54:11 IST" duration-ms="11027" status="PASS">
          <params>
            <param index="0">
              <value>
                <![CDATA["To check the health"]]>
              </value>
            </param>
            <param index="1">
              <value>
                <![CDATA["Optional[This is a trial feature]"]]>
              </value>
            </param>
          </params>
          <reporter-output>
          </reporter-output>
        </test-method> <!-- runScenario -->
        <test-method is-config="true" signature="tearDownClass()[pri:0, instance:Run.Runner@50b5ac82]" started-at="2022-04-17T17:54:11 IST" name="tearDownClass" finished-at="2022-04-17T17:54:11 IST" duration-ms="112" status="PASS">
          <reporter-output>
          </reporter-output>
        </test-method> <!-- tearDownClass -->
      </class> <!-- Run.Runner -->
    </test> <!-- Surefire test -->
  </suite> <!-- Surefire suite -->
</testng-results>
